{"/home/ana/code/jest/queryString.js": {"path":"/home/ana/code/jest/queryString.js","all":false,"statementMap":{"0":{"start":{"line":1,"column":0},"end":{"line":1,"column":35}},"1":{"start":{"line":2,"column":0},"end":{"line":2,"column":21}},"2":{"start":{"line":3,"column":0},"end":{"line":3,"column":28}},"3":{"start":{"line":4,"column":0},"end":{"line":4,"column":63}},"4":{"start":{"line":5,"column":0},"end":{"line":5,"column":52}},"5":{"start":{"line":6,"column":0},"end":{"line":6,"column":7}},"6":{"start":{"line":7,"column":0},"end":{"line":7,"column":31}},"7":{"start":{"line":8,"column":0},"end":{"line":8,"column":6}},"8":{"start":{"line":9,"column":0},"end":{"line":9,"column":15}}},"s":{"0":1,"1":3,"2":3,"3":6,"4":1,"5":1,"6":5,"7":5,"8":1},"branchMap":{"0":{"type":"branch","line":1,"loc":{"start":{"line":1,"column":29},"end":{"line":9,"column":14}},"locations":[{"start":{"line":1,"column":29},"end":{"line":9,"column":14}}]},"1":{"type":"branch","line":3,"loc":{"start":{"line":3,"column":9},"end":{"line":8,"column":6}},"locations":[{"start":{"line":3,"column":9},"end":{"line":8,"column":6}}]},"2":{"type":"branch","line":4,"loc":{"start":{"line":4,"column":35},"end":{"line":4,"column":60}},"locations":[{"start":{"line":4,"column":35},"end":{"line":4,"column":60}}]},"3":{"type":"branch","line":4,"loc":{"start":{"line":4,"column":62},"end":{"line":6,"column":7}},"locations":[{"start":{"line":4,"column":62},"end":{"line":6,"column":7}}]},"4":{"type":"branch","line":6,"loc":{"start":{"line":6,"column":6},"end":{"line":8,"column":6}},"locations":[{"start":{"line":6,"column":6},"end":{"line":8,"column":6}}]}},"b":{"0":[3],"1":[6],"2":[2],"3":[1],"4":[5]},"fnMap":{"0":{"name":"Object.<anonymous>.module.exports.queryString","decl":{"start":{"line":1,"column":29},"end":{"line":9,"column":14}},"loc":{"start":{"line":1,"column":29},"end":{"line":9,"column":14}},"line":1}},"f":{"0":3}}
,"/home/ana/code/jest/sum.js": {"path":"/home/ana/code/jest/sum.js","all":false,"statementMap":{"0":{"start":{"line":1,"column":0},"end":{"line":1,"column":20}},"1":{"start":{"line":2,"column":0},"end":{"line":2,"column":32}},"2":{"start":{"line":3,"column":0},"end":{"line":3,"column":32}},"3":{"start":{"line":4,"column":0},"end":{"line":4,"column":0}},"4":{"start":{"line":5,"column":0},"end":{"line":5,"column":51}},"5":{"start":{"line":6,"column":0},"end":{"line":6,"column":51}},"6":{"start":{"line":7,"column":0},"end":{"line":7,"column":5}},"7":{"start":{"line":8,"column":0},"end":{"line":8,"column":0}},"8":{"start":{"line":9,"column":0},"end":{"line":9,"column":24}},"9":{"start":{"line":10,"column":0},"end":{"line":10,"column":1}},"10":{"start":{"line":11,"column":0},"end":{"line":11,"column":0}},"11":{"start":{"line":12,"column":0},"end":{"line":12,"column":21}}},"s":{"0":7,"1":7,"2":7,"3":7,"4":7,"5":4,"6":4,"7":3,"8":3,"9":3,"10":1,"11":1},"branchMap":{"0":{"type":"branch","line":1,"loc":{"start":{"line":1,"column":0},"end":{"line":10,"column":1}},"locations":[{"start":{"line":1,"column":0},"end":{"line":10,"column":1}}]},"1":{"type":"branch","line":5,"loc":{"start":{"line":5,"column":26},"end":{"line":5,"column":48}},"locations":[{"start":{"line":5,"column":26},"end":{"line":5,"column":48}}]},"2":{"type":"branch","line":5,"loc":{"start":{"line":5,"column":50},"end":{"line":7,"column":5}},"locations":[{"start":{"line":5,"column":50},"end":{"line":7,"column":5}}]},"3":{"type":"branch","line":7,"loc":{"start":{"line":7,"column":4},"end":{"line":10,"column":1}},"locations":[{"start":{"line":7,"column":4},"end":{"line":10,"column":1}}]}},"b":{"0":[7],"1":[4],"2":[4],"3":[3]},"fnMap":{"0":{"name":"sum","decl":{"start":{"line":1,"column":0},"end":{"line":10,"column":1}},"loc":{"start":{"line":1,"column":0},"end":{"line":10,"column":1}},"line":1}},"f":{"0":7}}
}
