TN:
SF:queryString.js
FN:1,keyValueToString
FN:8,Object.<anonymous>.module.exports.queryString
FN:11,Object.<anonymous>.module.exports.parse
FNF:3
FNH:3
FNDA:6,keyValueToString
FNDA:3,Object.<anonymous>.module.exports.queryString
FNDA:1,Object.<anonymous>.module.exports.parse
DA:1,1
DA:2,6
DA:3,1
DA:4,1
DA:5,5
DA:6,5
DA:7,1
DA:8,1
DA:9,1
DA:10,1
DA:11,1
DA:12,1
DA:13,1
DA:14,2
DA:15,1
DA:16,1
DA:17,1
LF:17
LH:17
BRDA:1,0,0,6
BRDA:2,1,0,2
BRDA:2,2,0,1
BRDA:4,3,0,5
BRDA:8,4,0,3
BRDA:11,5,0,1
BRDA:13,6,0,2
BRF:7
BRH:7
end_of_record
TN:
SF:sum.js
FN:1,sum
FNF:1
FNH:1
FNDA:7,sum
DA:1,7
DA:2,7
DA:3,7
DA:4,7
DA:5,7
DA:6,4
DA:7,4
DA:8,3
DA:9,3
DA:10,3
DA:11,1
DA:12,1
LF:12
LH:12
BRDA:1,0,0,7
BRDA:5,1,0,4
BRDA:5,2,0,4
BRDA:7,3,0,3
BRF:4
BRH:4
end_of_record
